Determining if the pthread_create exist failed with the following output:
Change Dir: /home/bian/document/github/PCLNotes/点云分割/4欧式距离分割_平面模型分割平面_平面上按_聚类得到_多个点云团/CMakeFiles/CMakeTmp

Run Build Command:"/usr/bin/make" "cmTC_3a1d8/fast"
/usr/bin/make -f CMakeFiles/cmTC_3a1d8.dir/build.make CMakeFiles/cmTC_3a1d8.dir/build
make[1]: 进入目录“/home/bian/document/github/PCLNotes/点云分割/4欧式距离分割_平面模型分割平面_平面上按_聚类得到_多个点云团/CMakeFiles/CMakeTmp”
Building C object CMakeFiles/cmTC_3a1d8.dir/CheckSymbolExists.c.o
/usr/bin/cc    -o CMakeFiles/cmTC_3a1d8.dir/CheckSymbolExists.c.o   -c /home/bian/document/github/PCLNotes/点云分割/4欧式距离分割_平面模型分割平面_平面上按_聚类得到_多个点云团/CMakeFiles/CMakeTmp/CheckSymbolExists.c
Linking C executable cmTC_3a1d8
/usr/bin/cmake -E cmake_link_script CMakeFiles/cmTC_3a1d8.dir/link.txt --verbose=1
/usr/bin/cc      -rdynamic CMakeFiles/cmTC_3a1d8.dir/CheckSymbolExists.c.o  -o cmTC_3a1d8 
CMakeFiles/cmTC_3a1d8.dir/CheckSymbolExists.c.o：在函数‘main’中：
CheckSymbolExists.c:(.text+0x1b)：对‘pthread_create’未定义的引用
collect2: error: ld returned 1 exit status
CMakeFiles/cmTC_3a1d8.dir/build.make:97: recipe for target 'cmTC_3a1d8' failed
make[1]: *** [cmTC_3a1d8] Error 1
make[1]: 离开目录“/home/bian/document/github/PCLNotes/点云分割/4欧式距离分割_平面模型分割平面_平面上按_聚类得到_多个点云团/CMakeFiles/CMakeTmp”
Makefile:126: recipe for target 'cmTC_3a1d8/fast' failed
make: *** [cmTC_3a1d8/fast] Error 2

File /home/bian/document/github/PCLNotes/点云分割/4欧式距离分割_平面模型分割平面_平面上按_聚类得到_多个点云团/CMakeFiles/CMakeTmp/CheckSymbolExists.c:
/* */
#include <pthread.h>

int main(int argc, char** argv)
{
  (void)argv;
#ifndef pthread_create
  return ((int*)(&pthread_create))[argc];
#else
  (void)argc;
  return 0;
#endif
}

Determining if the function pthread_create exists in the pthreads failed with the following output:
Change Dir: /home/bian/document/github/PCLNotes/点云分割/4欧式距离分割_平面模型分割平面_平面上按_聚类得到_多个点云团/CMakeFiles/CMakeTmp

Run Build Command:"/usr/bin/make" "cmTC_24ef7/fast"
/usr/bin/make -f CMakeFiles/cmTC_24ef7.dir/build.make CMakeFiles/cmTC_24ef7.dir/build
make[1]: 进入目录“/home/bian/document/github/PCLNotes/点云分割/4欧式距离分割_平面模型分割平面_平面上按_聚类得到_多个点云团/CMakeFiles/CMakeTmp”
Building C object CMakeFiles/cmTC_24ef7.dir/CheckFunctionExists.c.o
/usr/bin/cc   -DCHECK_FUNCTION_EXISTS=pthread_create   -o CMakeFiles/cmTC_24ef7.dir/CheckFunctionExists.c.o   -c /usr/share/cmake-3.10/Modules/CheckFunctionExists.c
Linking C executable cmTC_24ef7
/usr/bin/cmake -E cmake_link_script CMakeFiles/cmTC_24ef7.dir/link.txt --verbose=1
/usr/bin/cc  -DCHECK_FUNCTION_EXISTS=pthread_create    -rdynamic CMakeFiles/cmTC_24ef7.dir/CheckFunctionExists.c.o  -o cmTC_24ef7 -lpthreads 
/usr/bin/ld: 找不到 -lpthreads
collect2: error: ld returned 1 exit status
CMakeFiles/cmTC_24ef7.dir/build.make:97: recipe for target 'cmTC_24ef7' failed
make[1]: *** [cmTC_24ef7] Error 1
make[1]: 离开目录“/home/bian/document/github/PCLNotes/点云分割/4欧式距离分割_平面模型分割平面_平面上按_聚类得到_多个点云团/CMakeFiles/CMakeTmp”
Makefile:126: recipe for target 'cmTC_24ef7/fast' failed
make: *** [cmTC_24ef7/fast] Error 2


