Determining if the pthread_create exist failed with the following output:
Change Dir: /home/bian/document/github/PCLNotes/点云分割/分割平面_平面模型分割_基于随机采样一致性/CMakeFiles/CMakeTmp

Run Build Command:"/usr/bin/make" "cmTC_f0dcd/fast"
/usr/bin/make -f CMakeFiles/cmTC_f0dcd.dir/build.make CMakeFiles/cmTC_f0dcd.dir/build
make[1]: 进入目录“/home/bian/document/github/PCLNotes/点云分割/分割平面_平面模型分割_基于随机采样一致性/CMakeFiles/CMakeTmp”
Building C object CMakeFiles/cmTC_f0dcd.dir/CheckSymbolExists.c.o
/usr/bin/cc    -o CMakeFiles/cmTC_f0dcd.dir/CheckSymbolExists.c.o   -c /home/bian/document/github/PCLNotes/点云分割/分割平面_平面模型分割_基于随机采样一致性/CMakeFiles/CMakeTmp/CheckSymbolExists.c
Linking C executable cmTC_f0dcd
/usr/bin/cmake -E cmake_link_script CMakeFiles/cmTC_f0dcd.dir/link.txt --verbose=1
/usr/bin/cc      -rdynamic CMakeFiles/cmTC_f0dcd.dir/CheckSymbolExists.c.o  -o cmTC_f0dcd 
CMakeFiles/cmTC_f0dcd.dir/CheckSymbolExists.c.o：在函数‘main’中：
CheckSymbolExists.c:(.text+0x1b)：对‘pthread_create’未定义的引用
collect2: error: ld returned 1 exit status
CMakeFiles/cmTC_f0dcd.dir/build.make:97: recipe for target 'cmTC_f0dcd' failed
make[1]: *** [cmTC_f0dcd] Error 1
make[1]: 离开目录“/home/bian/document/github/PCLNotes/点云分割/分割平面_平面模型分割_基于随机采样一致性/CMakeFiles/CMakeTmp”
Makefile:126: recipe for target 'cmTC_f0dcd/fast' failed
make: *** [cmTC_f0dcd/fast] Error 2

File /home/bian/document/github/PCLNotes/点云分割/分割平面_平面模型分割_基于随机采样一致性/CMakeFiles/CMakeTmp/CheckSymbolExists.c:
/* */
#include <pthread.h>

int main(int argc, char** argv)
{
  (void)argv;
#ifndef pthread_create
  return ((int*)(&pthread_create))[argc];
#else
  (void)argc;
  return 0;
#endif
}

Determining if the function pthread_create exists in the pthreads failed with the following output:
Change Dir: /home/bian/document/github/PCLNotes/点云分割/分割平面_平面模型分割_基于随机采样一致性/CMakeFiles/CMakeTmp

Run Build Command:"/usr/bin/make" "cmTC_eb1b3/fast"
/usr/bin/make -f CMakeFiles/cmTC_eb1b3.dir/build.make CMakeFiles/cmTC_eb1b3.dir/build
make[1]: 进入目录“/home/bian/document/github/PCLNotes/点云分割/分割平面_平面模型分割_基于随机采样一致性/CMakeFiles/CMakeTmp”
Building C object CMakeFiles/cmTC_eb1b3.dir/CheckFunctionExists.c.o
/usr/bin/cc   -DCHECK_FUNCTION_EXISTS=pthread_create   -o CMakeFiles/cmTC_eb1b3.dir/CheckFunctionExists.c.o   -c /usr/share/cmake-3.10/Modules/CheckFunctionExists.c
Linking C executable cmTC_eb1b3
/usr/bin/cmake -E cmake_link_script CMakeFiles/cmTC_eb1b3.dir/link.txt --verbose=1
/usr/bin/cc  -DCHECK_FUNCTION_EXISTS=pthread_create    -rdynamic CMakeFiles/cmTC_eb1b3.dir/CheckFunctionExists.c.o  -o cmTC_eb1b3 -lpthreads 
/usr/bin/ld: 找不到 -lpthreads
collect2: error: ld returned 1 exit status
CMakeFiles/cmTC_eb1b3.dir/build.make:97: recipe for target 'cmTC_eb1b3' failed
make[1]: *** [cmTC_eb1b3] Error 1
make[1]: 离开目录“/home/bian/document/github/PCLNotes/点云分割/分割平面_平面模型分割_基于随机采样一致性/CMakeFiles/CMakeTmp”
Makefile:126: recipe for target 'cmTC_eb1b3/fast' failed
make: *** [cmTC_eb1b3/fast] Error 2


