Determining if the pthread_create exist failed with the following output:
Change Dir: /home/bian/document/github/PCLNotes/点云分割/9超体聚类是一种图像的分割方法/CMakeFiles/CMakeTmp

Run Build Command:"/usr/bin/make" "cmTC_d8217/fast"
/usr/bin/make -f CMakeFiles/cmTC_d8217.dir/build.make CMakeFiles/cmTC_d8217.dir/build
make[1]: 进入目录“/home/bian/document/github/PCLNotes/点云分割/9超体聚类是一种图像的分割方法/CMakeFiles/CMakeTmp”
Building C object CMakeFiles/cmTC_d8217.dir/CheckSymbolExists.c.o
/usr/bin/cc    -o CMakeFiles/cmTC_d8217.dir/CheckSymbolExists.c.o   -c /home/bian/document/github/PCLNotes/点云分割/9超体聚类是一种图像的分割方法/CMakeFiles/CMakeTmp/CheckSymbolExists.c
Linking C executable cmTC_d8217
/usr/bin/cmake -E cmake_link_script CMakeFiles/cmTC_d8217.dir/link.txt --verbose=1
/usr/bin/cc      -rdynamic CMakeFiles/cmTC_d8217.dir/CheckSymbolExists.c.o  -o cmTC_d8217 
CMakeFiles/cmTC_d8217.dir/CheckSymbolExists.c.o：在函数‘main’中：
CheckSymbolExists.c:(.text+0x1b)：对‘pthread_create’未定义的引用
collect2: error: ld returned 1 exit status
CMakeFiles/cmTC_d8217.dir/build.make:97: recipe for target 'cmTC_d8217' failed
make[1]: *** [cmTC_d8217] Error 1
make[1]: 离开目录“/home/bian/document/github/PCLNotes/点云分割/9超体聚类是一种图像的分割方法/CMakeFiles/CMakeTmp”
Makefile:126: recipe for target 'cmTC_d8217/fast' failed
make: *** [cmTC_d8217/fast] Error 2

File /home/bian/document/github/PCLNotes/点云分割/9超体聚类是一种图像的分割方法/CMakeFiles/CMakeTmp/CheckSymbolExists.c:
/* */
#include <pthread.h>

int main(int argc, char** argv)
{
  (void)argv;
#ifndef pthread_create
  return ((int*)(&pthread_create))[argc];
#else
  (void)argc;
  return 0;
#endif
}

Determining if the function pthread_create exists in the pthreads failed with the following output:
Change Dir: /home/bian/document/github/PCLNotes/点云分割/9超体聚类是一种图像的分割方法/CMakeFiles/CMakeTmp

Run Build Command:"/usr/bin/make" "cmTC_82ccc/fast"
/usr/bin/make -f CMakeFiles/cmTC_82ccc.dir/build.make CMakeFiles/cmTC_82ccc.dir/build
make[1]: 进入目录“/home/bian/document/github/PCLNotes/点云分割/9超体聚类是一种图像的分割方法/CMakeFiles/CMakeTmp”
Building C object CMakeFiles/cmTC_82ccc.dir/CheckFunctionExists.c.o
/usr/bin/cc   -DCHECK_FUNCTION_EXISTS=pthread_create   -o CMakeFiles/cmTC_82ccc.dir/CheckFunctionExists.c.o   -c /usr/share/cmake-3.10/Modules/CheckFunctionExists.c
Linking C executable cmTC_82ccc
/usr/bin/cmake -E cmake_link_script CMakeFiles/cmTC_82ccc.dir/link.txt --verbose=1
/usr/bin/cc  -DCHECK_FUNCTION_EXISTS=pthread_create    -rdynamic CMakeFiles/cmTC_82ccc.dir/CheckFunctionExists.c.o  -o cmTC_82ccc -lpthreads 
/usr/bin/ld: 找不到 -lpthreads
collect2: error: ld returned 1 exit status
CMakeFiles/cmTC_82ccc.dir/build.make:97: recipe for target 'cmTC_82ccc' failed
make[1]: *** [cmTC_82ccc] Error 1
make[1]: 离开目录“/home/bian/document/github/PCLNotes/点云分割/9超体聚类是一种图像的分割方法/CMakeFiles/CMakeTmp”
Makefile:126: recipe for target 'cmTC_82ccc/fast' failed
make: *** [cmTC_82ccc/fast] Error 2


