Determining if the pthread_create exist failed with the following output:
Change Dir: /home/bian/document/github/PCLNotes/4点云配准/2正态分布变换进行配准/CMakeFiles/CMakeTmp

Run Build Command:"/usr/bin/make" "cmTC_12989/fast"
/usr/bin/make -f CMakeFiles/cmTC_12989.dir/build.make CMakeFiles/cmTC_12989.dir/build
make[1]: 进入目录“/home/bian/document/github/PCLNotes/4点云配准/2正态分布变换进行配准/CMakeFiles/CMakeTmp”
Building C object CMakeFiles/cmTC_12989.dir/CheckSymbolExists.c.o
/usr/bin/cc    -o CMakeFiles/cmTC_12989.dir/CheckSymbolExists.c.o   -c /home/bian/document/github/PCLNotes/4点云配准/2正态分布变换进行配准/CMakeFiles/CMakeTmp/CheckSymbolExists.c
Linking C executable cmTC_12989
/usr/bin/cmake -E cmake_link_script CMakeFiles/cmTC_12989.dir/link.txt --verbose=1
/usr/bin/cc      -rdynamic CMakeFiles/cmTC_12989.dir/CheckSymbolExists.c.o  -o cmTC_12989 
CMakeFiles/cmTC_12989.dir/CheckSymbolExists.c.o：在函数‘main’中：
CheckSymbolExists.c:(.text+0x1b)：对‘pthread_create’未定义的引用
collect2: error: ld returned 1 exit status
CMakeFiles/cmTC_12989.dir/build.make:97: recipe for target 'cmTC_12989' failed
make[1]: *** [cmTC_12989] Error 1
make[1]: 离开目录“/home/bian/document/github/PCLNotes/4点云配准/2正态分布变换进行配准/CMakeFiles/CMakeTmp”
Makefile:126: recipe for target 'cmTC_12989/fast' failed
make: *** [cmTC_12989/fast] Error 2

File /home/bian/document/github/PCLNotes/4点云配准/2正态分布变换进行配准/CMakeFiles/CMakeTmp/CheckSymbolExists.c:
/* */
#include <pthread.h>

int main(int argc, char** argv)
{
  (void)argv;
#ifndef pthread_create
  return ((int*)(&pthread_create))[argc];
#else
  (void)argc;
  return 0;
#endif
}

Determining if the function pthread_create exists in the pthreads failed with the following output:
Change Dir: /home/bian/document/github/PCLNotes/4点云配准/2正态分布变换进行配准/CMakeFiles/CMakeTmp

Run Build Command:"/usr/bin/make" "cmTC_9324c/fast"
/usr/bin/make -f CMakeFiles/cmTC_9324c.dir/build.make CMakeFiles/cmTC_9324c.dir/build
make[1]: 进入目录“/home/bian/document/github/PCLNotes/4点云配准/2正态分布变换进行配准/CMakeFiles/CMakeTmp”
Building C object CMakeFiles/cmTC_9324c.dir/CheckFunctionExists.c.o
/usr/bin/cc   -DCHECK_FUNCTION_EXISTS=pthread_create   -o CMakeFiles/cmTC_9324c.dir/CheckFunctionExists.c.o   -c /usr/share/cmake-3.10/Modules/CheckFunctionExists.c
Linking C executable cmTC_9324c
/usr/bin/cmake -E cmake_link_script CMakeFiles/cmTC_9324c.dir/link.txt --verbose=1
/usr/bin/cc  -DCHECK_FUNCTION_EXISTS=pthread_create    -rdynamic CMakeFiles/cmTC_9324c.dir/CheckFunctionExists.c.o  -o cmTC_9324c -lpthreads 
/usr/bin/ld: 找不到 -lpthreads
collect2: error: ld returned 1 exit status
CMakeFiles/cmTC_9324c.dir/build.make:97: recipe for target 'cmTC_9324c' failed
make[1]: *** [cmTC_9324c] Error 1
make[1]: 离开目录“/home/bian/document/github/PCLNotes/4点云配准/2正态分布变换进行配准/CMakeFiles/CMakeTmp”
Makefile:126: recipe for target 'cmTC_9324c/fast' failed
make: *** [cmTC_9324c/fast] Error 2


