Determining if the pthread_create exist failed with the following output:
Change Dir: /home/bian/document/github/PCLNotes/点云分割/欧氏距离分割_平面模型分割平面_平面上按_聚类得到_多个点云团/CMakeFiles/CMakeTmp

Run Build Command:"/usr/bin/make" "cmTC_86c8c/fast"
/usr/bin/make -f CMakeFiles/cmTC_86c8c.dir/build.make CMakeFiles/cmTC_86c8c.dir/build
make[1]: 进入目录“/home/bian/document/github/PCLNotes/点云分割/欧氏距离分割_平面模型分割平面_平面上按_聚类得到_多个点云团/CMakeFiles/CMakeTmp”
Building C object CMakeFiles/cmTC_86c8c.dir/CheckSymbolExists.c.o
/usr/bin/cc    -o CMakeFiles/cmTC_86c8c.dir/CheckSymbolExists.c.o   -c /home/bian/document/github/PCLNotes/点云分割/欧氏距离分割_平面模型分割平面_平面上按_聚类得到_多个点云团/CMakeFiles/CMakeTmp/CheckSymbolExists.c
Linking C executable cmTC_86c8c
/usr/bin/cmake -E cmake_link_script CMakeFiles/cmTC_86c8c.dir/link.txt --verbose=1
/usr/bin/cc      -rdynamic CMakeFiles/cmTC_86c8c.dir/CheckSymbolExists.c.o  -o cmTC_86c8c 
CMakeFiles/cmTC_86c8c.dir/CheckSymbolExists.c.o：在函数‘main’中：
CheckSymbolExists.c:(.text+0x1b)：对‘pthread_create’未定义的引用
collect2: error: ld returned 1 exit status
CMakeFiles/cmTC_86c8c.dir/build.make:97: recipe for target 'cmTC_86c8c' failed
make[1]: *** [cmTC_86c8c] Error 1
make[1]: 离开目录“/home/bian/document/github/PCLNotes/点云分割/欧氏距离分割_平面模型分割平面_平面上按_聚类得到_多个点云团/CMakeFiles/CMakeTmp”
Makefile:126: recipe for target 'cmTC_86c8c/fast' failed
make: *** [cmTC_86c8c/fast] Error 2

File /home/bian/document/github/PCLNotes/点云分割/欧氏距离分割_平面模型分割平面_平面上按_聚类得到_多个点云团/CMakeFiles/CMakeTmp/CheckSymbolExists.c:
/* */
#include <pthread.h>

int main(int argc, char** argv)
{
  (void)argv;
#ifndef pthread_create
  return ((int*)(&pthread_create))[argc];
#else
  (void)argc;
  return 0;
#endif
}

Determining if the function pthread_create exists in the pthreads failed with the following output:
Change Dir: /home/bian/document/github/PCLNotes/点云分割/欧氏距离分割_平面模型分割平面_平面上按_聚类得到_多个点云团/CMakeFiles/CMakeTmp

Run Build Command:"/usr/bin/make" "cmTC_4ea6f/fast"
/usr/bin/make -f CMakeFiles/cmTC_4ea6f.dir/build.make CMakeFiles/cmTC_4ea6f.dir/build
make[1]: 进入目录“/home/bian/document/github/PCLNotes/点云分割/欧氏距离分割_平面模型分割平面_平面上按_聚类得到_多个点云团/CMakeFiles/CMakeTmp”
Building C object CMakeFiles/cmTC_4ea6f.dir/CheckFunctionExists.c.o
/usr/bin/cc   -DCHECK_FUNCTION_EXISTS=pthread_create   -o CMakeFiles/cmTC_4ea6f.dir/CheckFunctionExists.c.o   -c /usr/share/cmake-3.10/Modules/CheckFunctionExists.c
Linking C executable cmTC_4ea6f
/usr/bin/cmake -E cmake_link_script CMakeFiles/cmTC_4ea6f.dir/link.txt --verbose=1
/usr/bin/cc  -DCHECK_FUNCTION_EXISTS=pthread_create    -rdynamic CMakeFiles/cmTC_4ea6f.dir/CheckFunctionExists.c.o  -o cmTC_4ea6f -lpthreads 
/usr/bin/ld: 找不到 -lpthreads
collect2: error: ld returned 1 exit status
CMakeFiles/cmTC_4ea6f.dir/build.make:97: recipe for target 'cmTC_4ea6f' failed
make[1]: *** [cmTC_4ea6f] Error 1
make[1]: 离开目录“/home/bian/document/github/PCLNotes/点云分割/欧氏距离分割_平面模型分割平面_平面上按_聚类得到_多个点云团/CMakeFiles/CMakeTmp”
Makefile:126: recipe for target 'cmTC_4ea6f/fast' failed
make: *** [cmTC_4ea6f/fast] Error 2


