Determining if the pthread_create exist failed with the following output:
Change Dir: /home/bian/document/github/PCLNotes/3特征提取/7RoPs特征描述子/CMakeFiles/CMakeTmp

Run Build Command:"/usr/bin/make" "cmTC_485db/fast"
/usr/bin/make -f CMakeFiles/cmTC_485db.dir/build.make CMakeFiles/cmTC_485db.dir/build
make[1]: 进入目录“/home/bian/document/github/PCLNotes/3特征提取/7RoPs特征描述子/CMakeFiles/CMakeTmp”
Building C object CMakeFiles/cmTC_485db.dir/CheckSymbolExists.c.o
/usr/bin/cc    -o CMakeFiles/cmTC_485db.dir/CheckSymbolExists.c.o   -c /home/bian/document/github/PCLNotes/3特征提取/7RoPs特征描述子/CMakeFiles/CMakeTmp/CheckSymbolExists.c
Linking C executable cmTC_485db
/usr/bin/cmake -E cmake_link_script CMakeFiles/cmTC_485db.dir/link.txt --verbose=1
/usr/bin/cc      -rdynamic CMakeFiles/cmTC_485db.dir/CheckSymbolExists.c.o  -o cmTC_485db 
CMakeFiles/cmTC_485db.dir/CheckSymbolExists.c.o：在函数‘main’中：
CheckSymbolExists.c:(.text+0x1b)：对‘pthread_create’未定义的引用
collect2: error: ld returned 1 exit status
CMakeFiles/cmTC_485db.dir/build.make:97: recipe for target 'cmTC_485db' failed
make[1]: *** [cmTC_485db] Error 1
make[1]: 离开目录“/home/bian/document/github/PCLNotes/3特征提取/7RoPs特征描述子/CMakeFiles/CMakeTmp”
Makefile:126: recipe for target 'cmTC_485db/fast' failed
make: *** [cmTC_485db/fast] Error 2

File /home/bian/document/github/PCLNotes/3特征提取/7RoPs特征描述子/CMakeFiles/CMakeTmp/CheckSymbolExists.c:
/* */
#include <pthread.h>

int main(int argc, char** argv)
{
  (void)argv;
#ifndef pthread_create
  return ((int*)(&pthread_create))[argc];
#else
  (void)argc;
  return 0;
#endif
}

Determining if the function pthread_create exists in the pthreads failed with the following output:
Change Dir: /home/bian/document/github/PCLNotes/3特征提取/7RoPs特征描述子/CMakeFiles/CMakeTmp

Run Build Command:"/usr/bin/make" "cmTC_22a29/fast"
/usr/bin/make -f CMakeFiles/cmTC_22a29.dir/build.make CMakeFiles/cmTC_22a29.dir/build
make[1]: 进入目录“/home/bian/document/github/PCLNotes/3特征提取/7RoPs特征描述子/CMakeFiles/CMakeTmp”
Building C object CMakeFiles/cmTC_22a29.dir/CheckFunctionExists.c.o
/usr/bin/cc   -DCHECK_FUNCTION_EXISTS=pthread_create   -o CMakeFiles/cmTC_22a29.dir/CheckFunctionExists.c.o   -c /usr/share/cmake-3.10/Modules/CheckFunctionExists.c
Linking C executable cmTC_22a29
/usr/bin/cmake -E cmake_link_script CMakeFiles/cmTC_22a29.dir/link.txt --verbose=1
/usr/bin/cc  -DCHECK_FUNCTION_EXISTS=pthread_create    -rdynamic CMakeFiles/cmTC_22a29.dir/CheckFunctionExists.c.o  -o cmTC_22a29 -lpthreads 
/usr/bin/ld: 找不到 -lpthreads
collect2: error: ld returned 1 exit status
CMakeFiles/cmTC_22a29.dir/build.make:97: recipe for target 'cmTC_22a29' failed
make[1]: *** [cmTC_22a29] Error 1
make[1]: 离开目录“/home/bian/document/github/PCLNotes/3特征提取/7RoPs特征描述子/CMakeFiles/CMakeTmp”
Makefile:126: recipe for target 'cmTC_22a29/fast' failed
make: *** [cmTC_22a29/fast] Error 2


