Determining if the pthread_create exist failed with the following output:
Change Dir: /home/bian/document/github/PCLNotes/3特征提取/8momentofinertiaestimation类获取基于惯性偏心矩描述子/CMakeFiles/CMakeTmp

Run Build Command:"/usr/bin/make" "cmTC_14c81/fast"
/usr/bin/make -f CMakeFiles/cmTC_14c81.dir/build.make CMakeFiles/cmTC_14c81.dir/build
make[1]: 进入目录“/home/bian/document/github/PCLNotes/3特征提取/8momentofinertiaestimation类获取基于惯性偏心矩描述子/CMakeFiles/CMakeTmp”
Building C object CMakeFiles/cmTC_14c81.dir/CheckSymbolExists.c.o
/usr/bin/cc    -o CMakeFiles/cmTC_14c81.dir/CheckSymbolExists.c.o   -c /home/bian/document/github/PCLNotes/3特征提取/8momentofinertiaestimation类获取基于惯性偏心矩描述子/CMakeFiles/CMakeTmp/CheckSymbolExists.c
Linking C executable cmTC_14c81
/usr/bin/cmake -E cmake_link_script CMakeFiles/cmTC_14c81.dir/link.txt --verbose=1
/usr/bin/cc      -rdynamic CMakeFiles/cmTC_14c81.dir/CheckSymbolExists.c.o  -o cmTC_14c81 
CMakeFiles/cmTC_14c81.dir/CheckSymbolExists.c.o：在函数‘main’中：
CheckSymbolExists.c:(.text+0x1b)：对‘pthread_create’未定义的引用
collect2: error: ld returned 1 exit status
CMakeFiles/cmTC_14c81.dir/build.make:97: recipe for target 'cmTC_14c81' failed
make[1]: *** [cmTC_14c81] Error 1
make[1]: 离开目录“/home/bian/document/github/PCLNotes/3特征提取/8momentofinertiaestimation类获取基于惯性偏心矩描述子/CMakeFiles/CMakeTmp”
Makefile:126: recipe for target 'cmTC_14c81/fast' failed
make: *** [cmTC_14c81/fast] Error 2

File /home/bian/document/github/PCLNotes/3特征提取/8momentofinertiaestimation类获取基于惯性偏心矩描述子/CMakeFiles/CMakeTmp/CheckSymbolExists.c:
/* */
#include <pthread.h>

int main(int argc, char** argv)
{
  (void)argv;
#ifndef pthread_create
  return ((int*)(&pthread_create))[argc];
#else
  (void)argc;
  return 0;
#endif
}

Determining if the function pthread_create exists in the pthreads failed with the following output:
Change Dir: /home/bian/document/github/PCLNotes/3特征提取/8momentofinertiaestimation类获取基于惯性偏心矩描述子/CMakeFiles/CMakeTmp

Run Build Command:"/usr/bin/make" "cmTC_911ed/fast"
/usr/bin/make -f CMakeFiles/cmTC_911ed.dir/build.make CMakeFiles/cmTC_911ed.dir/build
make[1]: 进入目录“/home/bian/document/github/PCLNotes/3特征提取/8momentofinertiaestimation类获取基于惯性偏心矩描述子/CMakeFiles/CMakeTmp”
Building C object CMakeFiles/cmTC_911ed.dir/CheckFunctionExists.c.o
/usr/bin/cc   -DCHECK_FUNCTION_EXISTS=pthread_create   -o CMakeFiles/cmTC_911ed.dir/CheckFunctionExists.c.o   -c /usr/share/cmake-3.10/Modules/CheckFunctionExists.c
Linking C executable cmTC_911ed
/usr/bin/cmake -E cmake_link_script CMakeFiles/cmTC_911ed.dir/link.txt --verbose=1
/usr/bin/cc  -DCHECK_FUNCTION_EXISTS=pthread_create    -rdynamic CMakeFiles/cmTC_911ed.dir/CheckFunctionExists.c.o  -o cmTC_911ed -lpthreads 
/usr/bin/ld: 找不到 -lpthreads
collect2: error: ld returned 1 exit status
CMakeFiles/cmTC_911ed.dir/build.make:97: recipe for target 'cmTC_911ed' failed
make[1]: *** [cmTC_911ed] Error 1
make[1]: 离开目录“/home/bian/document/github/PCLNotes/3特征提取/8momentofinertiaestimation类获取基于惯性偏心矩描述子/CMakeFiles/CMakeTmp”
Makefile:126: recipe for target 'cmTC_911ed/fast' failed
make: *** [cmTC_911ed/fast] Error 2


