Determining if the pthread_create exist failed with the following output:
Change Dir: /home/bian/document/github/PCLNotes/3特征提取/6NARF_从深度图像中提取NARF关键点/CMakeFiles/CMakeTmp

Run Build Command:"/usr/bin/make" "cmTC_4807d/fast"
/usr/bin/make -f CMakeFiles/cmTC_4807d.dir/build.make CMakeFiles/cmTC_4807d.dir/build
make[1]: 进入目录“/home/bian/document/github/PCLNotes/3特征提取/6NARF_从深度图像中提取NARF关键点/CMakeFiles/CMakeTmp”
Building C object CMakeFiles/cmTC_4807d.dir/CheckSymbolExists.c.o
/usr/bin/cc    -o CMakeFiles/cmTC_4807d.dir/CheckSymbolExists.c.o   -c /home/bian/document/github/PCLNotes/3特征提取/6NARF_从深度图像中提取NARF关键点/CMakeFiles/CMakeTmp/CheckSymbolExists.c
Linking C executable cmTC_4807d
/usr/bin/cmake -E cmake_link_script CMakeFiles/cmTC_4807d.dir/link.txt --verbose=1
/usr/bin/cc      -rdynamic CMakeFiles/cmTC_4807d.dir/CheckSymbolExists.c.o  -o cmTC_4807d 
CMakeFiles/cmTC_4807d.dir/CheckSymbolExists.c.o：在函数‘main’中：
CheckSymbolExists.c:(.text+0x1b)：对‘pthread_create’未定义的引用
collect2: error: ld returned 1 exit status
CMakeFiles/cmTC_4807d.dir/build.make:97: recipe for target 'cmTC_4807d' failed
make[1]: *** [cmTC_4807d] Error 1
make[1]: 离开目录“/home/bian/document/github/PCLNotes/3特征提取/6NARF_从深度图像中提取NARF关键点/CMakeFiles/CMakeTmp”
Makefile:126: recipe for target 'cmTC_4807d/fast' failed
make: *** [cmTC_4807d/fast] Error 2

File /home/bian/document/github/PCLNotes/3特征提取/6NARF_从深度图像中提取NARF关键点/CMakeFiles/CMakeTmp/CheckSymbolExists.c:
/* */
#include <pthread.h>

int main(int argc, char** argv)
{
  (void)argv;
#ifndef pthread_create
  return ((int*)(&pthread_create))[argc];
#else
  (void)argc;
  return 0;
#endif
}

Determining if the function pthread_create exists in the pthreads failed with the following output:
Change Dir: /home/bian/document/github/PCLNotes/3特征提取/6NARF_从深度图像中提取NARF关键点/CMakeFiles/CMakeTmp

Run Build Command:"/usr/bin/make" "cmTC_5ed4b/fast"
/usr/bin/make -f CMakeFiles/cmTC_5ed4b.dir/build.make CMakeFiles/cmTC_5ed4b.dir/build
make[1]: 进入目录“/home/bian/document/github/PCLNotes/3特征提取/6NARF_从深度图像中提取NARF关键点/CMakeFiles/CMakeTmp”
Building C object CMakeFiles/cmTC_5ed4b.dir/CheckFunctionExists.c.o
/usr/bin/cc   -DCHECK_FUNCTION_EXISTS=pthread_create   -o CMakeFiles/cmTC_5ed4b.dir/CheckFunctionExists.c.o   -c /usr/share/cmake-3.10/Modules/CheckFunctionExists.c
Linking C executable cmTC_5ed4b
/usr/bin/cmake -E cmake_link_script CMakeFiles/cmTC_5ed4b.dir/link.txt --verbose=1
/usr/bin/cc  -DCHECK_FUNCTION_EXISTS=pthread_create    -rdynamic CMakeFiles/cmTC_5ed4b.dir/CheckFunctionExists.c.o  -o cmTC_5ed4b -lpthreads 
/usr/bin/ld: 找不到 -lpthreads
collect2: error: ld returned 1 exit status
CMakeFiles/cmTC_5ed4b.dir/build.make:97: recipe for target 'cmTC_5ed4b' failed
make[1]: *** [cmTC_5ed4b] Error 1
make[1]: 离开目录“/home/bian/document/github/PCLNotes/3特征提取/6NARF_从深度图像中提取NARF关键点/CMakeFiles/CMakeTmp”
Makefile:126: recipe for target 'cmTC_5ed4b/fast' failed
make: *** [cmTC_5ed4b/fast] Error 2


