Determining if the pthread_create exist failed with the following output:
Change Dir: /home/bian/document/github/PCLNotes/2点云存储/3基于Octree的空间划分及搜索操作/CMakeFiles/CMakeTmp

Run Build Command:"/usr/bin/make" "cmTC_29000/fast"
/usr/bin/make -f CMakeFiles/cmTC_29000.dir/build.make CMakeFiles/cmTC_29000.dir/build
make[1]: 进入目录“/home/bian/document/github/PCLNotes/2点云存储/3基于Octree的空间划分及搜索操作/CMakeFiles/CMakeTmp”
Building C object CMakeFiles/cmTC_29000.dir/CheckSymbolExists.c.o
/usr/bin/cc    -o CMakeFiles/cmTC_29000.dir/CheckSymbolExists.c.o   -c /home/bian/document/github/PCLNotes/2点云存储/3基于Octree的空间划分及搜索操作/CMakeFiles/CMakeTmp/CheckSymbolExists.c
Linking C executable cmTC_29000
/usr/bin/cmake -E cmake_link_script CMakeFiles/cmTC_29000.dir/link.txt --verbose=1
/usr/bin/cc      -rdynamic CMakeFiles/cmTC_29000.dir/CheckSymbolExists.c.o  -o cmTC_29000 
CMakeFiles/cmTC_29000.dir/CheckSymbolExists.c.o：在函数‘main’中：
CheckSymbolExists.c:(.text+0x1b)：对‘pthread_create’未定义的引用
collect2: error: ld returned 1 exit status
CMakeFiles/cmTC_29000.dir/build.make:97: recipe for target 'cmTC_29000' failed
make[1]: *** [cmTC_29000] Error 1
make[1]: 离开目录“/home/bian/document/github/PCLNotes/2点云存储/3基于Octree的空间划分及搜索操作/CMakeFiles/CMakeTmp”
Makefile:126: recipe for target 'cmTC_29000/fast' failed
make: *** [cmTC_29000/fast] Error 2

File /home/bian/document/github/PCLNotes/2点云存储/3基于Octree的空间划分及搜索操作/CMakeFiles/CMakeTmp/CheckSymbolExists.c:
/* */
#include <pthread.h>

int main(int argc, char** argv)
{
  (void)argv;
#ifndef pthread_create
  return ((int*)(&pthread_create))[argc];
#else
  (void)argc;
  return 0;
#endif
}

Determining if the function pthread_create exists in the pthreads failed with the following output:
Change Dir: /home/bian/document/github/PCLNotes/2点云存储/3基于Octree的空间划分及搜索操作/CMakeFiles/CMakeTmp

Run Build Command:"/usr/bin/make" "cmTC_7bc19/fast"
/usr/bin/make -f CMakeFiles/cmTC_7bc19.dir/build.make CMakeFiles/cmTC_7bc19.dir/build
make[1]: 进入目录“/home/bian/document/github/PCLNotes/2点云存储/3基于Octree的空间划分及搜索操作/CMakeFiles/CMakeTmp”
Building C object CMakeFiles/cmTC_7bc19.dir/CheckFunctionExists.c.o
/usr/bin/cc   -DCHECK_FUNCTION_EXISTS=pthread_create   -o CMakeFiles/cmTC_7bc19.dir/CheckFunctionExists.c.o   -c /usr/share/cmake-3.10/Modules/CheckFunctionExists.c
Linking C executable cmTC_7bc19
/usr/bin/cmake -E cmake_link_script CMakeFiles/cmTC_7bc19.dir/link.txt --verbose=1
/usr/bin/cc  -DCHECK_FUNCTION_EXISTS=pthread_create    -rdynamic CMakeFiles/cmTC_7bc19.dir/CheckFunctionExists.c.o  -o cmTC_7bc19 -lpthreads 
/usr/bin/ld: 找不到 -lpthreads
collect2: error: ld returned 1 exit status
CMakeFiles/cmTC_7bc19.dir/build.make:97: recipe for target 'cmTC_7bc19' failed
make[1]: *** [cmTC_7bc19] Error 1
make[1]: 离开目录“/home/bian/document/github/PCLNotes/2点云存储/3基于Octree的空间划分及搜索操作/CMakeFiles/CMakeTmp”
Makefile:126: recipe for target 'cmTC_7bc19/fast' failed
make: *** [cmTC_7bc19/fast] Error 2


