Determining if the pthread_create exist failed with the following output:
Change Dir: /home/bian/document/github/PCLNotes/demo/CMakeFiles/CMakeTmp

Run Build Command:"/usr/bin/make" "cmTC_91ade/fast"
/usr/bin/make -f CMakeFiles/cmTC_91ade.dir/build.make CMakeFiles/cmTC_91ade.dir/build
make[1]: 进入目录“/home/bian/document/github/PCLNotes/demo/CMakeFiles/CMakeTmp”
Building C object CMakeFiles/cmTC_91ade.dir/CheckSymbolExists.c.o
/usr/bin/cc    -o CMakeFiles/cmTC_91ade.dir/CheckSymbolExists.c.o   -c /home/bian/document/github/PCLNotes/demo/CMakeFiles/CMakeTmp/CheckSymbolExists.c
Linking C executable cmTC_91ade
/usr/bin/cmake -E cmake_link_script CMakeFiles/cmTC_91ade.dir/link.txt --verbose=1
/usr/bin/cc      -rdynamic CMakeFiles/cmTC_91ade.dir/CheckSymbolExists.c.o  -o cmTC_91ade 
CMakeFiles/cmTC_91ade.dir/CheckSymbolExists.c.o：在函数‘main’中：
CheckSymbolExists.c:(.text+0x1b)：对‘pthread_create’未定义的引用
collect2: error: ld returned 1 exit status
CMakeFiles/cmTC_91ade.dir/build.make:97: recipe for target 'cmTC_91ade' failed
make[1]: *** [cmTC_91ade] Error 1
make[1]: 离开目录“/home/bian/document/github/PCLNotes/demo/CMakeFiles/CMakeTmp”
Makefile:126: recipe for target 'cmTC_91ade/fast' failed
make: *** [cmTC_91ade/fast] Error 2

File /home/bian/document/github/PCLNotes/demo/CMakeFiles/CMakeTmp/CheckSymbolExists.c:
/* */
#include <pthread.h>

int main(int argc, char** argv)
{
  (void)argv;
#ifndef pthread_create
  return ((int*)(&pthread_create))[argc];
#else
  (void)argc;
  return 0;
#endif
}

Determining if the function pthread_create exists in the pthreads failed with the following output:
Change Dir: /home/bian/document/github/PCLNotes/demo/CMakeFiles/CMakeTmp

Run Build Command:"/usr/bin/make" "cmTC_7456b/fast"
/usr/bin/make -f CMakeFiles/cmTC_7456b.dir/build.make CMakeFiles/cmTC_7456b.dir/build
make[1]: 进入目录“/home/bian/document/github/PCLNotes/demo/CMakeFiles/CMakeTmp”
Building C object CMakeFiles/cmTC_7456b.dir/CheckFunctionExists.c.o
/usr/bin/cc   -DCHECK_FUNCTION_EXISTS=pthread_create   -o CMakeFiles/cmTC_7456b.dir/CheckFunctionExists.c.o   -c /usr/share/cmake-3.10/Modules/CheckFunctionExists.c
Linking C executable cmTC_7456b
/usr/bin/cmake -E cmake_link_script CMakeFiles/cmTC_7456b.dir/link.txt --verbose=1
/usr/bin/cc  -DCHECK_FUNCTION_EXISTS=pthread_create    -rdynamic CMakeFiles/cmTC_7456b.dir/CheckFunctionExists.c.o  -o cmTC_7456b -lpthreads 
/usr/bin/ld: 找不到 -lpthreads
collect2: error: ld returned 1 exit status
CMakeFiles/cmTC_7456b.dir/build.make:97: recipe for target 'cmTC_7456b' failed
make[1]: *** [cmTC_7456b] Error 1
make[1]: 离开目录“/home/bian/document/github/PCLNotes/demo/CMakeFiles/CMakeTmp”
Makefile:126: recipe for target 'cmTC_7456b/fast' failed
make: *** [cmTC_7456b/fast] Error 2


Determining if the pthread_create exist failed with the following output:
Change Dir: /home/bian/document/github/PCLNotes/demo/CMakeFiles/CMakeTmp

Run Build Command:"/usr/bin/make" "cmTC_a20ac/fast"
/usr/bin/make -f CMakeFiles/cmTC_a20ac.dir/build.make CMakeFiles/cmTC_a20ac.dir/build
make[1]: 进入目录“/home/bian/document/github/PCLNotes/demo/CMakeFiles/CMakeTmp”
Building C object CMakeFiles/cmTC_a20ac.dir/CheckSymbolExists.c.o
/usr/bin/cc    -o CMakeFiles/cmTC_a20ac.dir/CheckSymbolExists.c.o   -c /home/bian/document/github/PCLNotes/demo/CMakeFiles/CMakeTmp/CheckSymbolExists.c
Linking C executable cmTC_a20ac
/usr/bin/cmake -E cmake_link_script CMakeFiles/cmTC_a20ac.dir/link.txt --verbose=1
/usr/bin/cc      -rdynamic CMakeFiles/cmTC_a20ac.dir/CheckSymbolExists.c.o  -o cmTC_a20ac 
CMakeFiles/cmTC_a20ac.dir/CheckSymbolExists.c.o：在函数‘main’中：
CheckSymbolExists.c:(.text+0x1b)：对‘pthread_create’未定义的引用
collect2: error: ld returned 1 exit status
CMakeFiles/cmTC_a20ac.dir/build.make:97: recipe for target 'cmTC_a20ac' failed
make[1]: *** [cmTC_a20ac] Error 1
make[1]: 离开目录“/home/bian/document/github/PCLNotes/demo/CMakeFiles/CMakeTmp”
Makefile:126: recipe for target 'cmTC_a20ac/fast' failed
make: *** [cmTC_a20ac/fast] Error 2

File /home/bian/document/github/PCLNotes/demo/CMakeFiles/CMakeTmp/CheckSymbolExists.c:
/* */
#include <pthread.h>

int main(int argc, char** argv)
{
  (void)argv;
#ifndef pthread_create
  return ((int*)(&pthread_create))[argc];
#else
  (void)argc;
  return 0;
#endif
}

Determining if the function pthread_create exists in the pthreads failed with the following output:
Change Dir: /home/bian/document/github/PCLNotes/demo/CMakeFiles/CMakeTmp

Run Build Command:"/usr/bin/make" "cmTC_fab7d/fast"
/usr/bin/make -f CMakeFiles/cmTC_fab7d.dir/build.make CMakeFiles/cmTC_fab7d.dir/build
make[1]: 进入目录“/home/bian/document/github/PCLNotes/demo/CMakeFiles/CMakeTmp”
Building C object CMakeFiles/cmTC_fab7d.dir/CheckFunctionExists.c.o
/usr/bin/cc   -DCHECK_FUNCTION_EXISTS=pthread_create   -o CMakeFiles/cmTC_fab7d.dir/CheckFunctionExists.c.o   -c /usr/share/cmake-3.10/Modules/CheckFunctionExists.c
Linking C executable cmTC_fab7d
/usr/bin/cmake -E cmake_link_script CMakeFiles/cmTC_fab7d.dir/link.txt --verbose=1
/usr/bin/cc  -DCHECK_FUNCTION_EXISTS=pthread_create    -rdynamic CMakeFiles/cmTC_fab7d.dir/CheckFunctionExists.c.o  -o cmTC_fab7d -lpthreads 
/usr/bin/ld: 找不到 -lpthreads
collect2: error: ld returned 1 exit status
CMakeFiles/cmTC_fab7d.dir/build.make:97: recipe for target 'cmTC_fab7d' failed
make[1]: *** [cmTC_fab7d] Error 1
make[1]: 离开目录“/home/bian/document/github/PCLNotes/demo/CMakeFiles/CMakeTmp”
Makefile:126: recipe for target 'cmTC_fab7d/fast' failed
make: *** [cmTC_fab7d/fast] Error 2


