Determining if the pthread_create exist failed with the following output:
Change Dir: /home/bian/document/github/PCLNotes/3特征提取/9全局一致的空间分布描述子特征GASD/CMakeFiles/CMakeTmp

Run Build Command:"/usr/bin/make" "cmTC_3914a/fast"
/usr/bin/make -f CMakeFiles/cmTC_3914a.dir/build.make CMakeFiles/cmTC_3914a.dir/build
make[1]: 进入目录“/home/bian/document/github/PCLNotes/3特征提取/9全局一致的空间分布描述子特征GASD/CMakeFiles/CMakeTmp”
Building C object CMakeFiles/cmTC_3914a.dir/CheckSymbolExists.c.o
/usr/bin/cc    -o CMakeFiles/cmTC_3914a.dir/CheckSymbolExists.c.o   -c /home/bian/document/github/PCLNotes/3特征提取/9全局一致的空间分布描述子特征GASD/CMakeFiles/CMakeTmp/CheckSymbolExists.c
Linking C executable cmTC_3914a
/usr/bin/cmake -E cmake_link_script CMakeFiles/cmTC_3914a.dir/link.txt --verbose=1
/usr/bin/cc      -rdynamic CMakeFiles/cmTC_3914a.dir/CheckSymbolExists.c.o  -o cmTC_3914a 
CMakeFiles/cmTC_3914a.dir/CheckSymbolExists.c.o：在函数‘main’中：
CheckSymbolExists.c:(.text+0x1b)：对‘pthread_create’未定义的引用
collect2: error: ld returned 1 exit status
CMakeFiles/cmTC_3914a.dir/build.make:97: recipe for target 'cmTC_3914a' failed
make[1]: *** [cmTC_3914a] Error 1
make[1]: 离开目录“/home/bian/document/github/PCLNotes/3特征提取/9全局一致的空间分布描述子特征GASD/CMakeFiles/CMakeTmp”
Makefile:126: recipe for target 'cmTC_3914a/fast' failed
make: *** [cmTC_3914a/fast] Error 2

File /home/bian/document/github/PCLNotes/3特征提取/9全局一致的空间分布描述子特征GASD/CMakeFiles/CMakeTmp/CheckSymbolExists.c:
/* */
#include <pthread.h>

int main(int argc, char** argv)
{
  (void)argv;
#ifndef pthread_create
  return ((int*)(&pthread_create))[argc];
#else
  (void)argc;
  return 0;
#endif
}

Determining if the function pthread_create exists in the pthreads failed with the following output:
Change Dir: /home/bian/document/github/PCLNotes/3特征提取/9全局一致的空间分布描述子特征GASD/CMakeFiles/CMakeTmp

Run Build Command:"/usr/bin/make" "cmTC_7f10e/fast"
/usr/bin/make -f CMakeFiles/cmTC_7f10e.dir/build.make CMakeFiles/cmTC_7f10e.dir/build
make[1]: 进入目录“/home/bian/document/github/PCLNotes/3特征提取/9全局一致的空间分布描述子特征GASD/CMakeFiles/CMakeTmp”
Building C object CMakeFiles/cmTC_7f10e.dir/CheckFunctionExists.c.o
/usr/bin/cc   -DCHECK_FUNCTION_EXISTS=pthread_create   -o CMakeFiles/cmTC_7f10e.dir/CheckFunctionExists.c.o   -c /usr/share/cmake-3.10/Modules/CheckFunctionExists.c
Linking C executable cmTC_7f10e
/usr/bin/cmake -E cmake_link_script CMakeFiles/cmTC_7f10e.dir/link.txt --verbose=1
/usr/bin/cc  -DCHECK_FUNCTION_EXISTS=pthread_create    -rdynamic CMakeFiles/cmTC_7f10e.dir/CheckFunctionExists.c.o  -o cmTC_7f10e -lpthreads 
/usr/bin/ld: 找不到 -lpthreads
collect2: error: ld returned 1 exit status
CMakeFiles/cmTC_7f10e.dir/build.make:97: recipe for target 'cmTC_7f10e' failed
make[1]: *** [cmTC_7f10e] Error 1
make[1]: 离开目录“/home/bian/document/github/PCLNotes/3特征提取/9全局一致的空间分布描述子特征GASD/CMakeFiles/CMakeTmp”
Makefile:126: recipe for target 'cmTC_7f10e/fast' failed
make: *** [cmTC_7f10e/fast] Error 2


