Determining if the pthread_create exist failed with the following output:
Change Dir: /home/bian/document/github/PCLNotes/点云分割/8基于不同领域半径估计的法线的差异类_欧氏聚类_分割_点云/CMakeFiles/CMakeTmp

Run Build Command:"/usr/bin/make" "cmTC_90aeb/fast"
/usr/bin/make -f CMakeFiles/cmTC_90aeb.dir/build.make CMakeFiles/cmTC_90aeb.dir/build
make[1]: 进入目录“/home/bian/document/github/PCLNotes/点云分割/8基于不同领域半径估计的法线的差异类_欧氏聚类_分割_点云/CMakeFiles/CMakeTmp”
Building C object CMakeFiles/cmTC_90aeb.dir/CheckSymbolExists.c.o
/usr/bin/cc    -o CMakeFiles/cmTC_90aeb.dir/CheckSymbolExists.c.o   -c /home/bian/document/github/PCLNotes/点云分割/8基于不同领域半径估计的法线的差异类_欧氏聚类_分割_点云/CMakeFiles/CMakeTmp/CheckSymbolExists.c
Linking C executable cmTC_90aeb
/usr/bin/cmake -E cmake_link_script CMakeFiles/cmTC_90aeb.dir/link.txt --verbose=1
/usr/bin/cc      -rdynamic CMakeFiles/cmTC_90aeb.dir/CheckSymbolExists.c.o  -o cmTC_90aeb 
CMakeFiles/cmTC_90aeb.dir/CheckSymbolExists.c.o：在函数‘main’中：
CheckSymbolExists.c:(.text+0x1b)：对‘pthread_create’未定义的引用
collect2: error: ld returned 1 exit status
CMakeFiles/cmTC_90aeb.dir/build.make:97: recipe for target 'cmTC_90aeb' failed
make[1]: *** [cmTC_90aeb] Error 1
make[1]: 离开目录“/home/bian/document/github/PCLNotes/点云分割/8基于不同领域半径估计的法线的差异类_欧氏聚类_分割_点云/CMakeFiles/CMakeTmp”
Makefile:126: recipe for target 'cmTC_90aeb/fast' failed
make: *** [cmTC_90aeb/fast] Error 2

File /home/bian/document/github/PCLNotes/点云分割/8基于不同领域半径估计的法线的差异类_欧氏聚类_分割_点云/CMakeFiles/CMakeTmp/CheckSymbolExists.c:
/* */
#include <pthread.h>

int main(int argc, char** argv)
{
  (void)argv;
#ifndef pthread_create
  return ((int*)(&pthread_create))[argc];
#else
  (void)argc;
  return 0;
#endif
}

Determining if the function pthread_create exists in the pthreads failed with the following output:
Change Dir: /home/bian/document/github/PCLNotes/点云分割/8基于不同领域半径估计的法线的差异类_欧氏聚类_分割_点云/CMakeFiles/CMakeTmp

Run Build Command:"/usr/bin/make" "cmTC_03ffe/fast"
/usr/bin/make -f CMakeFiles/cmTC_03ffe.dir/build.make CMakeFiles/cmTC_03ffe.dir/build
make[1]: 进入目录“/home/bian/document/github/PCLNotes/点云分割/8基于不同领域半径估计的法线的差异类_欧氏聚类_分割_点云/CMakeFiles/CMakeTmp”
Building C object CMakeFiles/cmTC_03ffe.dir/CheckFunctionExists.c.o
/usr/bin/cc   -DCHECK_FUNCTION_EXISTS=pthread_create   -o CMakeFiles/cmTC_03ffe.dir/CheckFunctionExists.c.o   -c /usr/share/cmake-3.10/Modules/CheckFunctionExists.c
Linking C executable cmTC_03ffe
/usr/bin/cmake -E cmake_link_script CMakeFiles/cmTC_03ffe.dir/link.txt --verbose=1
/usr/bin/cc  -DCHECK_FUNCTION_EXISTS=pthread_create    -rdynamic CMakeFiles/cmTC_03ffe.dir/CheckFunctionExists.c.o  -o cmTC_03ffe -lpthreads 
/usr/bin/ld: 找不到 -lpthreads
collect2: error: ld returned 1 exit status
CMakeFiles/cmTC_03ffe.dir/build.make:97: recipe for target 'cmTC_03ffe' failed
make[1]: *** [cmTC_03ffe] Error 1
make[1]: 离开目录“/home/bian/document/github/PCLNotes/点云分割/8基于不同领域半径估计的法线的差异类_欧氏聚类_分割_点云/CMakeFiles/CMakeTmp”
Makefile:126: recipe for target 'cmTC_03ffe/fast' failed
make: *** [cmTC_03ffe/fast] Error 2


