Determining if the pthread_create exist failed with the following output:
Change Dir: /home/bian/document/github/PCLNotes/点云分割/7最小分割算法_分割点云_基于距离加权的最小图分割算法/1同一图颜色区分/CMakeFiles/CMakeTmp

Run Build Command:"/usr/bin/make" "cmTC_b9bce/fast"
/usr/bin/make -f CMakeFiles/cmTC_b9bce.dir/build.make CMakeFiles/cmTC_b9bce.dir/build
make[1]: 进入目录“/home/bian/document/github/PCLNotes/点云分割/7最小分割算法_分割点云_基于距离加权的最小图分割算法/1同一图颜色区分/CMakeFiles/CMakeTmp”
Building C object CMakeFiles/cmTC_b9bce.dir/CheckSymbolExists.c.o
/usr/bin/cc    -o CMakeFiles/cmTC_b9bce.dir/CheckSymbolExists.c.o   -c /home/bian/document/github/PCLNotes/点云分割/7最小分割算法_分割点云_基于距离加权的最小图分割算法/1同一图颜色区分/CMakeFiles/CMakeTmp/CheckSymbolExists.c
Linking C executable cmTC_b9bce
/usr/bin/cmake -E cmake_link_script CMakeFiles/cmTC_b9bce.dir/link.txt --verbose=1
/usr/bin/cc      -rdynamic CMakeFiles/cmTC_b9bce.dir/CheckSymbolExists.c.o  -o cmTC_b9bce 
CMakeFiles/cmTC_b9bce.dir/CheckSymbolExists.c.o：在函数‘main’中：
CheckSymbolExists.c:(.text+0x1b)：对‘pthread_create’未定义的引用
collect2: error: ld returned 1 exit status
CMakeFiles/cmTC_b9bce.dir/build.make:97: recipe for target 'cmTC_b9bce' failed
make[1]: *** [cmTC_b9bce] Error 1
make[1]: 离开目录“/home/bian/document/github/PCLNotes/点云分割/7最小分割算法_分割点云_基于距离加权的最小图分割算法/1同一图颜色区分/CMakeFiles/CMakeTmp”
Makefile:126: recipe for target 'cmTC_b9bce/fast' failed
make: *** [cmTC_b9bce/fast] Error 2

File /home/bian/document/github/PCLNotes/点云分割/7最小分割算法_分割点云_基于距离加权的最小图分割算法/1同一图颜色区分/CMakeFiles/CMakeTmp/CheckSymbolExists.c:
/* */
#include <pthread.h>

int main(int argc, char** argv)
{
  (void)argv;
#ifndef pthread_create
  return ((int*)(&pthread_create))[argc];
#else
  (void)argc;
  return 0;
#endif
}

Determining if the function pthread_create exists in the pthreads failed with the following output:
Change Dir: /home/bian/document/github/PCLNotes/点云分割/7最小分割算法_分割点云_基于距离加权的最小图分割算法/1同一图颜色区分/CMakeFiles/CMakeTmp

Run Build Command:"/usr/bin/make" "cmTC_bb3e3/fast"
/usr/bin/make -f CMakeFiles/cmTC_bb3e3.dir/build.make CMakeFiles/cmTC_bb3e3.dir/build
make[1]: 进入目录“/home/bian/document/github/PCLNotes/点云分割/7最小分割算法_分割点云_基于距离加权的最小图分割算法/1同一图颜色区分/CMakeFiles/CMakeTmp”
Building C object CMakeFiles/cmTC_bb3e3.dir/CheckFunctionExists.c.o
/usr/bin/cc   -DCHECK_FUNCTION_EXISTS=pthread_create   -o CMakeFiles/cmTC_bb3e3.dir/CheckFunctionExists.c.o   -c /usr/share/cmake-3.10/Modules/CheckFunctionExists.c
Linking C executable cmTC_bb3e3
/usr/bin/cmake -E cmake_link_script CMakeFiles/cmTC_bb3e3.dir/link.txt --verbose=1
/usr/bin/cc  -DCHECK_FUNCTION_EXISTS=pthread_create    -rdynamic CMakeFiles/cmTC_bb3e3.dir/CheckFunctionExists.c.o  -o cmTC_bb3e3 -lpthreads 
/usr/bin/ld: 找不到 -lpthreads
collect2: error: ld returned 1 exit status
CMakeFiles/cmTC_bb3e3.dir/build.make:97: recipe for target 'cmTC_bb3e3' failed
make[1]: *** [cmTC_bb3e3] Error 1
make[1]: 离开目录“/home/bian/document/github/PCLNotes/点云分割/7最小分割算法_分割点云_基于距离加权的最小图分割算法/1同一图颜色区分/CMakeFiles/CMakeTmp”
Makefile:126: recipe for target 'cmTC_bb3e3/fast' failed
make: *** [cmTC_bb3e3/fast] Error 2


