Determining if the pthread_create exist failed with the following output:
Change Dir: /home/bian/document/github/PCLNotes/点云分割/6基于颜色差值的区域聚类分割算法/CMakeFiles/CMakeTmp

Run Build Command:"/usr/bin/make" "cmTC_1bdae/fast"
/usr/bin/make -f CMakeFiles/cmTC_1bdae.dir/build.make CMakeFiles/cmTC_1bdae.dir/build
make[1]: 进入目录“/home/bian/document/github/PCLNotes/点云分割/6基于颜色差值的区域聚类分割算法/CMakeFiles/CMakeTmp”
Building C object CMakeFiles/cmTC_1bdae.dir/CheckSymbolExists.c.o
/usr/bin/cc    -o CMakeFiles/cmTC_1bdae.dir/CheckSymbolExists.c.o   -c /home/bian/document/github/PCLNotes/点云分割/6基于颜色差值的区域聚类分割算法/CMakeFiles/CMakeTmp/CheckSymbolExists.c
Linking C executable cmTC_1bdae
/usr/bin/cmake -E cmake_link_script CMakeFiles/cmTC_1bdae.dir/link.txt --verbose=1
/usr/bin/cc      -rdynamic CMakeFiles/cmTC_1bdae.dir/CheckSymbolExists.c.o  -o cmTC_1bdae 
CMakeFiles/cmTC_1bdae.dir/CheckSymbolExists.c.o：在函数‘main’中：
CheckSymbolExists.c:(.text+0x1b)：对‘pthread_create’未定义的引用
collect2: error: ld returned 1 exit status
CMakeFiles/cmTC_1bdae.dir/build.make:97: recipe for target 'cmTC_1bdae' failed
make[1]: *** [cmTC_1bdae] Error 1
make[1]: 离开目录“/home/bian/document/github/PCLNotes/点云分割/6基于颜色差值的区域聚类分割算法/CMakeFiles/CMakeTmp”
Makefile:126: recipe for target 'cmTC_1bdae/fast' failed
make: *** [cmTC_1bdae/fast] Error 2

File /home/bian/document/github/PCLNotes/点云分割/6基于颜色差值的区域聚类分割算法/CMakeFiles/CMakeTmp/CheckSymbolExists.c:
/* */
#include <pthread.h>

int main(int argc, char** argv)
{
  (void)argv;
#ifndef pthread_create
  return ((int*)(&pthread_create))[argc];
#else
  (void)argc;
  return 0;
#endif
}

Determining if the function pthread_create exists in the pthreads failed with the following output:
Change Dir: /home/bian/document/github/PCLNotes/点云分割/6基于颜色差值的区域聚类分割算法/CMakeFiles/CMakeTmp

Run Build Command:"/usr/bin/make" "cmTC_9a74a/fast"
/usr/bin/make -f CMakeFiles/cmTC_9a74a.dir/build.make CMakeFiles/cmTC_9a74a.dir/build
make[1]: 进入目录“/home/bian/document/github/PCLNotes/点云分割/6基于颜色差值的区域聚类分割算法/CMakeFiles/CMakeTmp”
Building C object CMakeFiles/cmTC_9a74a.dir/CheckFunctionExists.c.o
/usr/bin/cc   -DCHECK_FUNCTION_EXISTS=pthread_create   -o CMakeFiles/cmTC_9a74a.dir/CheckFunctionExists.c.o   -c /usr/share/cmake-3.10/Modules/CheckFunctionExists.c
Linking C executable cmTC_9a74a
/usr/bin/cmake -E cmake_link_script CMakeFiles/cmTC_9a74a.dir/link.txt --verbose=1
/usr/bin/cc  -DCHECK_FUNCTION_EXISTS=pthread_create    -rdynamic CMakeFiles/cmTC_9a74a.dir/CheckFunctionExists.c.o  -o cmTC_9a74a -lpthreads 
/usr/bin/ld: 找不到 -lpthreads
collect2: error: ld returned 1 exit status
CMakeFiles/cmTC_9a74a.dir/build.make:97: recipe for target 'cmTC_9a74a' failed
make[1]: *** [cmTC_9a74a] Error 1
make[1]: 离开目录“/home/bian/document/github/PCLNotes/点云分割/6基于颜色差值的区域聚类分割算法/CMakeFiles/CMakeTmp”
Makefile:126: recipe for target 'cmTC_9a74a/fast' failed
make: *** [cmTC_9a74a/fast] Error 2


