Determining if the pthread_create exist failed with the following output:
Change Dir: /home/bian/document/github/PCLNotes/云关键点/NARF/CMakeFiles/CMakeTmp

Run Build Command:"/usr/bin/make" "cmTC_30763/fast"
/usr/bin/make -f CMakeFiles/cmTC_30763.dir/build.make CMakeFiles/cmTC_30763.dir/build
make[1]: 进入目录“/home/bian/document/github/PCLNotes/云关键点/NARF/CMakeFiles/CMakeTmp”
Building C object CMakeFiles/cmTC_30763.dir/CheckSymbolExists.c.o
/usr/bin/cc    -o CMakeFiles/cmTC_30763.dir/CheckSymbolExists.c.o   -c /home/bian/document/github/PCLNotes/云关键点/NARF/CMakeFiles/CMakeTmp/CheckSymbolExists.c
Linking C executable cmTC_30763
/usr/bin/cmake -E cmake_link_script CMakeFiles/cmTC_30763.dir/link.txt --verbose=1
/usr/bin/cc      -rdynamic CMakeFiles/cmTC_30763.dir/CheckSymbolExists.c.o  -o cmTC_30763 
CMakeFiles/cmTC_30763.dir/CheckSymbolExists.c.o：在函数‘main’中：
CheckSymbolExists.c:(.text+0x1b)：对‘pthread_create’未定义的引用
collect2: error: ld returned 1 exit status
CMakeFiles/cmTC_30763.dir/build.make:97: recipe for target 'cmTC_30763' failed
make[1]: *** [cmTC_30763] Error 1
make[1]: 离开目录“/home/bian/document/github/PCLNotes/云关键点/NARF/CMakeFiles/CMakeTmp”
Makefile:126: recipe for target 'cmTC_30763/fast' failed
make: *** [cmTC_30763/fast] Error 2

File /home/bian/document/github/PCLNotes/云关键点/NARF/CMakeFiles/CMakeTmp/CheckSymbolExists.c:
/* */
#include <pthread.h>

int main(int argc, char** argv)
{
  (void)argv;
#ifndef pthread_create
  return ((int*)(&pthread_create))[argc];
#else
  (void)argc;
  return 0;
#endif
}

Determining if the function pthread_create exists in the pthreads failed with the following output:
Change Dir: /home/bian/document/github/PCLNotes/云关键点/NARF/CMakeFiles/CMakeTmp

Run Build Command:"/usr/bin/make" "cmTC_7c23b/fast"
/usr/bin/make -f CMakeFiles/cmTC_7c23b.dir/build.make CMakeFiles/cmTC_7c23b.dir/build
make[1]: 进入目录“/home/bian/document/github/PCLNotes/云关键点/NARF/CMakeFiles/CMakeTmp”
Building C object CMakeFiles/cmTC_7c23b.dir/CheckFunctionExists.c.o
/usr/bin/cc   -DCHECK_FUNCTION_EXISTS=pthread_create   -o CMakeFiles/cmTC_7c23b.dir/CheckFunctionExists.c.o   -c /usr/share/cmake-3.10/Modules/CheckFunctionExists.c
Linking C executable cmTC_7c23b
/usr/bin/cmake -E cmake_link_script CMakeFiles/cmTC_7c23b.dir/link.txt --verbose=1
/usr/bin/cc  -DCHECK_FUNCTION_EXISTS=pthread_create    -rdynamic CMakeFiles/cmTC_7c23b.dir/CheckFunctionExists.c.o  -o cmTC_7c23b -lpthreads 
/usr/bin/ld: 找不到 -lpthreads
collect2: error: ld returned 1 exit status
CMakeFiles/cmTC_7c23b.dir/build.make:97: recipe for target 'cmTC_7c23b' failed
make[1]: *** [cmTC_7c23b] Error 1
make[1]: 离开目录“/home/bian/document/github/PCLNotes/云关键点/NARF/CMakeFiles/CMakeTmp”
Makefile:126: recipe for target 'cmTC_7c23b/fast' failed
make: *** [cmTC_7c23b/fast] Error 2


