Determining if the pthread_create exist failed with the following output:
Change Dir: /home/bian/document/github/PCLNotes/Visualizer/2显示点云颜色特征/CMakeFiles/CMakeTmp

Run Build Command:"/usr/bin/make" "cmTC_ab3a5/fast"
/usr/bin/make -f CMakeFiles/cmTC_ab3a5.dir/build.make CMakeFiles/cmTC_ab3a5.dir/build
make[1]: 进入目录“/home/bian/document/github/PCLNotes/Visualizer/2显示点云颜色特征/CMakeFiles/CMakeTmp”
Building C object CMakeFiles/cmTC_ab3a5.dir/CheckSymbolExists.c.o
/usr/bin/cc    -o CMakeFiles/cmTC_ab3a5.dir/CheckSymbolExists.c.o   -c /home/bian/document/github/PCLNotes/Visualizer/2显示点云颜色特征/CMakeFiles/CMakeTmp/CheckSymbolExists.c
Linking C executable cmTC_ab3a5
/usr/bin/cmake -E cmake_link_script CMakeFiles/cmTC_ab3a5.dir/link.txt --verbose=1
/usr/bin/cc      -rdynamic CMakeFiles/cmTC_ab3a5.dir/CheckSymbolExists.c.o  -o cmTC_ab3a5 
CMakeFiles/cmTC_ab3a5.dir/CheckSymbolExists.c.o：在函数‘main’中：
CheckSymbolExists.c:(.text+0x1b)：对‘pthread_create’未定义的引用
collect2: error: ld returned 1 exit status
CMakeFiles/cmTC_ab3a5.dir/build.make:97: recipe for target 'cmTC_ab3a5' failed
make[1]: *** [cmTC_ab3a5] Error 1
make[1]: 离开目录“/home/bian/document/github/PCLNotes/Visualizer/2显示点云颜色特征/CMakeFiles/CMakeTmp”
Makefile:126: recipe for target 'cmTC_ab3a5/fast' failed
make: *** [cmTC_ab3a5/fast] Error 2

File /home/bian/document/github/PCLNotes/Visualizer/2显示点云颜色特征/CMakeFiles/CMakeTmp/CheckSymbolExists.c:
/* */
#include <pthread.h>

int main(int argc, char** argv)
{
  (void)argv;
#ifndef pthread_create
  return ((int*)(&pthread_create))[argc];
#else
  (void)argc;
  return 0;
#endif
}

Determining if the function pthread_create exists in the pthreads failed with the following output:
Change Dir: /home/bian/document/github/PCLNotes/Visualizer/2显示点云颜色特征/CMakeFiles/CMakeTmp

Run Build Command:"/usr/bin/make" "cmTC_5ea20/fast"
/usr/bin/make -f CMakeFiles/cmTC_5ea20.dir/build.make CMakeFiles/cmTC_5ea20.dir/build
make[1]: 进入目录“/home/bian/document/github/PCLNotes/Visualizer/2显示点云颜色特征/CMakeFiles/CMakeTmp”
Building C object CMakeFiles/cmTC_5ea20.dir/CheckFunctionExists.c.o
/usr/bin/cc   -DCHECK_FUNCTION_EXISTS=pthread_create   -o CMakeFiles/cmTC_5ea20.dir/CheckFunctionExists.c.o   -c /usr/share/cmake-3.10/Modules/CheckFunctionExists.c
Linking C executable cmTC_5ea20
/usr/bin/cmake -E cmake_link_script CMakeFiles/cmTC_5ea20.dir/link.txt --verbose=1
/usr/bin/cc  -DCHECK_FUNCTION_EXISTS=pthread_create    -rdynamic CMakeFiles/cmTC_5ea20.dir/CheckFunctionExists.c.o  -o cmTC_5ea20 -lpthreads 
/usr/bin/ld: 找不到 -lpthreads
collect2: error: ld returned 1 exit status
CMakeFiles/cmTC_5ea20.dir/build.make:97: recipe for target 'cmTC_5ea20' failed
make[1]: *** [cmTC_5ea20] Error 1
make[1]: 离开目录“/home/bian/document/github/PCLNotes/Visualizer/2显示点云颜色特征/CMakeFiles/CMakeTmp”
Makefile:126: recipe for target 'cmTC_5ea20/fast' failed
make: *** [cmTC_5ea20/fast] Error 2


