Determining if the pthread_create exist failed with the following output:
Change Dir: /home/bian/software/demo/task/CMakeFiles/CMakeTmp

Run Build Command:"/usr/bin/make" "cmTC_abdfe/fast"
/usr/bin/make -f CMakeFiles/cmTC_abdfe.dir/build.make CMakeFiles/cmTC_abdfe.dir/build
make[1]: 进入目录“/home/bian/software/demo/task/CMakeFiles/CMakeTmp”
Building C object CMakeFiles/cmTC_abdfe.dir/CheckSymbolExists.c.o
/usr/bin/cc    -o CMakeFiles/cmTC_abdfe.dir/CheckSymbolExists.c.o   -c /home/bian/software/demo/task/CMakeFiles/CMakeTmp/CheckSymbolExists.c
Linking C executable cmTC_abdfe
/usr/bin/cmake -E cmake_link_script CMakeFiles/cmTC_abdfe.dir/link.txt --verbose=1
/usr/bin/cc      -rdynamic CMakeFiles/cmTC_abdfe.dir/CheckSymbolExists.c.o  -o cmTC_abdfe 
CMakeFiles/cmTC_abdfe.dir/CheckSymbolExists.c.o：在函数‘main’中：
CheckSymbolExists.c:(.text+0x1b)：对‘pthread_create’未定义的引用
collect2: error: ld returned 1 exit status
CMakeFiles/cmTC_abdfe.dir/build.make:97: recipe for target 'cmTC_abdfe' failed
make[1]: *** [cmTC_abdfe] Error 1
make[1]: 离开目录“/home/bian/software/demo/task/CMakeFiles/CMakeTmp”
Makefile:126: recipe for target 'cmTC_abdfe/fast' failed
make: *** [cmTC_abdfe/fast] Error 2

File /home/bian/software/demo/task/CMakeFiles/CMakeTmp/CheckSymbolExists.c:
/* */
#include <pthread.h>

int main(int argc, char** argv)
{
  (void)argv;
#ifndef pthread_create
  return ((int*)(&pthread_create))[argc];
#else
  (void)argc;
  return 0;
#endif
}

Determining if the function pthread_create exists in the pthreads failed with the following output:
Change Dir: /home/bian/software/demo/task/CMakeFiles/CMakeTmp

Run Build Command:"/usr/bin/make" "cmTC_b974c/fast"
/usr/bin/make -f CMakeFiles/cmTC_b974c.dir/build.make CMakeFiles/cmTC_b974c.dir/build
make[1]: 进入目录“/home/bian/software/demo/task/CMakeFiles/CMakeTmp”
Building C object CMakeFiles/cmTC_b974c.dir/CheckFunctionExists.c.o
/usr/bin/cc   -DCHECK_FUNCTION_EXISTS=pthread_create   -o CMakeFiles/cmTC_b974c.dir/CheckFunctionExists.c.o   -c /usr/share/cmake-3.10/Modules/CheckFunctionExists.c
Linking C executable cmTC_b974c
/usr/bin/cmake -E cmake_link_script CMakeFiles/cmTC_b974c.dir/link.txt --verbose=1
/usr/bin/cc  -DCHECK_FUNCTION_EXISTS=pthread_create    -rdynamic CMakeFiles/cmTC_b974c.dir/CheckFunctionExists.c.o  -o cmTC_b974c -lpthreads 
/usr/bin/ld: 找不到 -lpthreads
collect2: error: ld returned 1 exit status
CMakeFiles/cmTC_b974c.dir/build.make:97: recipe for target 'cmTC_b974c' failed
make[1]: *** [cmTC_b974c] Error 1
make[1]: 离开目录“/home/bian/software/demo/task/CMakeFiles/CMakeTmp”
Makefile:126: recipe for target 'cmTC_b974c/fast' failed
make: *** [cmTC_b974c/fast] Error 2


Determining if the pthread_create exist failed with the following output:
Change Dir: /home/bian/document/github/PCLNotes/task/CMakeFiles/CMakeTmp

Run Build Command:"/usr/bin/make" "cmTC_fc60a/fast"
/usr/bin/make -f CMakeFiles/cmTC_fc60a.dir/build.make CMakeFiles/cmTC_fc60a.dir/build
make[1]: 进入目录“/home/bian/document/github/PCLNotes/task/CMakeFiles/CMakeTmp”
Building C object CMakeFiles/cmTC_fc60a.dir/CheckSymbolExists.c.o
/usr/bin/cc    -o CMakeFiles/cmTC_fc60a.dir/CheckSymbolExists.c.o   -c /home/bian/document/github/PCLNotes/task/CMakeFiles/CMakeTmp/CheckSymbolExists.c
Linking C executable cmTC_fc60a
/usr/bin/cmake -E cmake_link_script CMakeFiles/cmTC_fc60a.dir/link.txt --verbose=1
/usr/bin/cc      -rdynamic CMakeFiles/cmTC_fc60a.dir/CheckSymbolExists.c.o  -o cmTC_fc60a 
CMakeFiles/cmTC_fc60a.dir/CheckSymbolExists.c.o：在函数‘main’中：
CheckSymbolExists.c:(.text+0x1b)：对‘pthread_create’未定义的引用
collect2: error: ld returned 1 exit status
CMakeFiles/cmTC_fc60a.dir/build.make:97: recipe for target 'cmTC_fc60a' failed
make[1]: *** [cmTC_fc60a] Error 1
make[1]: 离开目录“/home/bian/document/github/PCLNotes/task/CMakeFiles/CMakeTmp”
Makefile:126: recipe for target 'cmTC_fc60a/fast' failed
make: *** [cmTC_fc60a/fast] Error 2

File /home/bian/document/github/PCLNotes/task/CMakeFiles/CMakeTmp/CheckSymbolExists.c:
/* */
#include <pthread.h>

int main(int argc, char** argv)
{
  (void)argv;
#ifndef pthread_create
  return ((int*)(&pthread_create))[argc];
#else
  (void)argc;
  return 0;
#endif
}

Determining if the function pthread_create exists in the pthreads failed with the following output:
Change Dir: /home/bian/document/github/PCLNotes/task/CMakeFiles/CMakeTmp

Run Build Command:"/usr/bin/make" "cmTC_0ccfc/fast"
/usr/bin/make -f CMakeFiles/cmTC_0ccfc.dir/build.make CMakeFiles/cmTC_0ccfc.dir/build
make[1]: 进入目录“/home/bian/document/github/PCLNotes/task/CMakeFiles/CMakeTmp”
Building C object CMakeFiles/cmTC_0ccfc.dir/CheckFunctionExists.c.o
/usr/bin/cc   -DCHECK_FUNCTION_EXISTS=pthread_create   -o CMakeFiles/cmTC_0ccfc.dir/CheckFunctionExists.c.o   -c /usr/share/cmake-3.10/Modules/CheckFunctionExists.c
Linking C executable cmTC_0ccfc
/usr/bin/cmake -E cmake_link_script CMakeFiles/cmTC_0ccfc.dir/link.txt --verbose=1
/usr/bin/cc  -DCHECK_FUNCTION_EXISTS=pthread_create    -rdynamic CMakeFiles/cmTC_0ccfc.dir/CheckFunctionExists.c.o  -o cmTC_0ccfc -lpthreads 
/usr/bin/ld: 找不到 -lpthreads
collect2: error: ld returned 1 exit status
CMakeFiles/cmTC_0ccfc.dir/build.make:97: recipe for target 'cmTC_0ccfc' failed
make[1]: *** [cmTC_0ccfc] Error 1
make[1]: 离开目录“/home/bian/document/github/PCLNotes/task/CMakeFiles/CMakeTmp”
Makefile:126: recipe for target 'cmTC_0ccfc/fast' failed
make: *** [cmTC_0ccfc/fast] Error 2


