Determining if the pthread_create exist failed with the following output:
Change Dir: /home/bian/document/github/PCLNotes/3特征提取/1点云表面法线特征/CMakeFiles/CMakeTmp

Run Build Command:"/usr/bin/make" "cmTC_9c5db/fast"
/usr/bin/make -f CMakeFiles/cmTC_9c5db.dir/build.make CMakeFiles/cmTC_9c5db.dir/build
make[1]: 进入目录“/home/bian/document/github/PCLNotes/3特征提取/1点云表面法线特征/CMakeFiles/CMakeTmp”
Building C object CMakeFiles/cmTC_9c5db.dir/CheckSymbolExists.c.o
/usr/bin/cc    -o CMakeFiles/cmTC_9c5db.dir/CheckSymbolExists.c.o   -c /home/bian/document/github/PCLNotes/3特征提取/1点云表面法线特征/CMakeFiles/CMakeTmp/CheckSymbolExists.c
Linking C executable cmTC_9c5db
/usr/bin/cmake -E cmake_link_script CMakeFiles/cmTC_9c5db.dir/link.txt --verbose=1
/usr/bin/cc      -rdynamic CMakeFiles/cmTC_9c5db.dir/CheckSymbolExists.c.o  -o cmTC_9c5db 
CMakeFiles/cmTC_9c5db.dir/CheckSymbolExists.c.o：在函数‘main’中：
CheckSymbolExists.c:(.text+0x1b)：对‘pthread_create’未定义的引用
collect2: error: ld returned 1 exit status
CMakeFiles/cmTC_9c5db.dir/build.make:97: recipe for target 'cmTC_9c5db' failed
make[1]: *** [cmTC_9c5db] Error 1
make[1]: 离开目录“/home/bian/document/github/PCLNotes/3特征提取/1点云表面法线特征/CMakeFiles/CMakeTmp”
Makefile:126: recipe for target 'cmTC_9c5db/fast' failed
make: *** [cmTC_9c5db/fast] Error 2

File /home/bian/document/github/PCLNotes/3特征提取/1点云表面法线特征/CMakeFiles/CMakeTmp/CheckSymbolExists.c:
/* */
#include <pthread.h>

int main(int argc, char** argv)
{
  (void)argv;
#ifndef pthread_create
  return ((int*)(&pthread_create))[argc];
#else
  (void)argc;
  return 0;
#endif
}

Determining if the function pthread_create exists in the pthreads failed with the following output:
Change Dir: /home/bian/document/github/PCLNotes/3特征提取/1点云表面法线特征/CMakeFiles/CMakeTmp

Run Build Command:"/usr/bin/make" "cmTC_c0729/fast"
/usr/bin/make -f CMakeFiles/cmTC_c0729.dir/build.make CMakeFiles/cmTC_c0729.dir/build
make[1]: 进入目录“/home/bian/document/github/PCLNotes/3特征提取/1点云表面法线特征/CMakeFiles/CMakeTmp”
Building C object CMakeFiles/cmTC_c0729.dir/CheckFunctionExists.c.o
/usr/bin/cc   -DCHECK_FUNCTION_EXISTS=pthread_create   -o CMakeFiles/cmTC_c0729.dir/CheckFunctionExists.c.o   -c /usr/share/cmake-3.10/Modules/CheckFunctionExists.c
Linking C executable cmTC_c0729
/usr/bin/cmake -E cmake_link_script CMakeFiles/cmTC_c0729.dir/link.txt --verbose=1
/usr/bin/cc  -DCHECK_FUNCTION_EXISTS=pthread_create    -rdynamic CMakeFiles/cmTC_c0729.dir/CheckFunctionExists.c.o  -o cmTC_c0729 -lpthreads 
/usr/bin/ld: 找不到 -lpthreads
collect2: error: ld returned 1 exit status
CMakeFiles/cmTC_c0729.dir/build.make:97: recipe for target 'cmTC_c0729' failed
make[1]: *** [cmTC_c0729] Error 1
make[1]: 离开目录“/home/bian/document/github/PCLNotes/3特征提取/1点云表面法线特征/CMakeFiles/CMakeTmp”
Makefile:126: recipe for target 'cmTC_c0729/fast' failed
make: *** [cmTC_c0729/fast] Error 2


Determining if the pthread_create exist failed with the following output:
Change Dir: /home/bian/document/github/PCLNotes/3特征提取/1点云表面法线特征/CMakeFiles/CMakeTmp

Run Build Command:"/usr/bin/make" "cmTC_ee95b/fast"
/usr/bin/make -f CMakeFiles/cmTC_ee95b.dir/build.make CMakeFiles/cmTC_ee95b.dir/build
make[1]: 进入目录“/home/bian/document/github/PCLNotes/3特征提取/1点云表面法线特征/CMakeFiles/CMakeTmp”
Building C object CMakeFiles/cmTC_ee95b.dir/CheckSymbolExists.c.o
/usr/bin/cc    -o CMakeFiles/cmTC_ee95b.dir/CheckSymbolExists.c.o   -c /home/bian/document/github/PCLNotes/3特征提取/1点云表面法线特征/CMakeFiles/CMakeTmp/CheckSymbolExists.c
Linking C executable cmTC_ee95b
/usr/bin/cmake -E cmake_link_script CMakeFiles/cmTC_ee95b.dir/link.txt --verbose=1
/usr/bin/cc      -rdynamic CMakeFiles/cmTC_ee95b.dir/CheckSymbolExists.c.o  -o cmTC_ee95b 
CMakeFiles/cmTC_ee95b.dir/CheckSymbolExists.c.o：在函数‘main’中：
CheckSymbolExists.c:(.text+0x1b)：对‘pthread_create’未定义的引用
collect2: error: ld returned 1 exit status
CMakeFiles/cmTC_ee95b.dir/build.make:97: recipe for target 'cmTC_ee95b' failed
make[1]: *** [cmTC_ee95b] Error 1
make[1]: 离开目录“/home/bian/document/github/PCLNotes/3特征提取/1点云表面法线特征/CMakeFiles/CMakeTmp”
Makefile:126: recipe for target 'cmTC_ee95b/fast' failed
make: *** [cmTC_ee95b/fast] Error 2

File /home/bian/document/github/PCLNotes/3特征提取/1点云表面法线特征/CMakeFiles/CMakeTmp/CheckSymbolExists.c:
/* */
#include <pthread.h>

int main(int argc, char** argv)
{
  (void)argv;
#ifndef pthread_create
  return ((int*)(&pthread_create))[argc];
#else
  (void)argc;
  return 0;
#endif
}

Determining if the function pthread_create exists in the pthreads failed with the following output:
Change Dir: /home/bian/document/github/PCLNotes/3特征提取/1点云表面法线特征/CMakeFiles/CMakeTmp

Run Build Command:"/usr/bin/make" "cmTC_fe56a/fast"
/usr/bin/make -f CMakeFiles/cmTC_fe56a.dir/build.make CMakeFiles/cmTC_fe56a.dir/build
make[1]: 进入目录“/home/bian/document/github/PCLNotes/3特征提取/1点云表面法线特征/CMakeFiles/CMakeTmp”
Building C object CMakeFiles/cmTC_fe56a.dir/CheckFunctionExists.c.o
/usr/bin/cc   -DCHECK_FUNCTION_EXISTS=pthread_create   -o CMakeFiles/cmTC_fe56a.dir/CheckFunctionExists.c.o   -c /usr/share/cmake-3.10/Modules/CheckFunctionExists.c
Linking C executable cmTC_fe56a
/usr/bin/cmake -E cmake_link_script CMakeFiles/cmTC_fe56a.dir/link.txt --verbose=1
/usr/bin/cc  -DCHECK_FUNCTION_EXISTS=pthread_create    -rdynamic CMakeFiles/cmTC_fe56a.dir/CheckFunctionExists.c.o  -o cmTC_fe56a -lpthreads 
/usr/bin/ld: 找不到 -lpthreads
collect2: error: ld returned 1 exit status
CMakeFiles/cmTC_fe56a.dir/build.make:97: recipe for target 'cmTC_fe56a' failed
make[1]: *** [cmTC_fe56a] Error 1
make[1]: 离开目录“/home/bian/document/github/PCLNotes/3特征提取/1点云表面法线特征/CMakeFiles/CMakeTmp”
Makefile:126: recipe for target 'cmTC_fe56a/fast' failed
make: *** [cmTC_fe56a/fast] Error 2


