Determining if the pthread_create exist failed with the following output:
Change Dir: /home/bian/document/github/PCLNotes/点云分割/7最小分割算法_分割点云_基于距离加权的最小图分割算法/CMakeFiles/CMakeTmp

Run Build Command:"/usr/bin/make" "cmTC_10636/fast"
/usr/bin/make -f CMakeFiles/cmTC_10636.dir/build.make CMakeFiles/cmTC_10636.dir/build
make[1]: 进入目录“/home/bian/document/github/PCLNotes/点云分割/7最小分割算法_分割点云_基于距离加权的最小图分割算法/CMakeFiles/CMakeTmp”
Building C object CMakeFiles/cmTC_10636.dir/CheckSymbolExists.c.o
/usr/bin/cc    -o CMakeFiles/cmTC_10636.dir/CheckSymbolExists.c.o   -c /home/bian/document/github/PCLNotes/点云分割/7最小分割算法_分割点云_基于距离加权的最小图分割算法/CMakeFiles/CMakeTmp/CheckSymbolExists.c
Linking C executable cmTC_10636
/usr/bin/cmake -E cmake_link_script CMakeFiles/cmTC_10636.dir/link.txt --verbose=1
/usr/bin/cc      -rdynamic CMakeFiles/cmTC_10636.dir/CheckSymbolExists.c.o  -o cmTC_10636 
CMakeFiles/cmTC_10636.dir/CheckSymbolExists.c.o：在函数‘main’中：
CheckSymbolExists.c:(.text+0x1b)：对‘pthread_create’未定义的引用
collect2: error: ld returned 1 exit status
CMakeFiles/cmTC_10636.dir/build.make:97: recipe for target 'cmTC_10636' failed
make[1]: *** [cmTC_10636] Error 1
make[1]: 离开目录“/home/bian/document/github/PCLNotes/点云分割/7最小分割算法_分割点云_基于距离加权的最小图分割算法/CMakeFiles/CMakeTmp”
Makefile:126: recipe for target 'cmTC_10636/fast' failed
make: *** [cmTC_10636/fast] Error 2

File /home/bian/document/github/PCLNotes/点云分割/7最小分割算法_分割点云_基于距离加权的最小图分割算法/CMakeFiles/CMakeTmp/CheckSymbolExists.c:
/* */
#include <pthread.h>

int main(int argc, char** argv)
{
  (void)argv;
#ifndef pthread_create
  return ((int*)(&pthread_create))[argc];
#else
  (void)argc;
  return 0;
#endif
}

Determining if the function pthread_create exists in the pthreads failed with the following output:
Change Dir: /home/bian/document/github/PCLNotes/点云分割/7最小分割算法_分割点云_基于距离加权的最小图分割算法/CMakeFiles/CMakeTmp

Run Build Command:"/usr/bin/make" "cmTC_bcbfb/fast"
/usr/bin/make -f CMakeFiles/cmTC_bcbfb.dir/build.make CMakeFiles/cmTC_bcbfb.dir/build
make[1]: 进入目录“/home/bian/document/github/PCLNotes/点云分割/7最小分割算法_分割点云_基于距离加权的最小图分割算法/CMakeFiles/CMakeTmp”
Building C object CMakeFiles/cmTC_bcbfb.dir/CheckFunctionExists.c.o
/usr/bin/cc   -DCHECK_FUNCTION_EXISTS=pthread_create   -o CMakeFiles/cmTC_bcbfb.dir/CheckFunctionExists.c.o   -c /usr/share/cmake-3.10/Modules/CheckFunctionExists.c
Linking C executable cmTC_bcbfb
/usr/bin/cmake -E cmake_link_script CMakeFiles/cmTC_bcbfb.dir/link.txt --verbose=1
/usr/bin/cc  -DCHECK_FUNCTION_EXISTS=pthread_create    -rdynamic CMakeFiles/cmTC_bcbfb.dir/CheckFunctionExists.c.o  -o cmTC_bcbfb -lpthreads 
/usr/bin/ld: 找不到 -lpthreads
collect2: error: ld returned 1 exit status
CMakeFiles/cmTC_bcbfb.dir/build.make:97: recipe for target 'cmTC_bcbfb' failed
make[1]: *** [cmTC_bcbfb] Error 1
make[1]: 离开目录“/home/bian/document/github/PCLNotes/点云分割/7最小分割算法_分割点云_基于距离加权的最小图分割算法/CMakeFiles/CMakeTmp”
Makefile:126: recipe for target 'cmTC_bcbfb/fast' failed
make: *** [cmTC_bcbfb/fast] Error 2


